<?xml version="1.0" encoding="UTF-8"?>
<robot generator="Robot 6.0.1 (Python 3.10.7 on win32)" generated="20221129 11:32:09.621" rpa="false" schemaversion="3">
<suite id="s1" name="Test" source="c:\Users\hidja\Desktop\tp01 hidjazi-Tarache\scripts\test.robot">
<test id="s1-t1" name="Test case 1: Positive LogIn test" line="17">
<kw name="LogIn" library="KeyWords">
<arg>${vURL}</arg>
<arg>${vBrowser}</arg>
<arg>${vUsername}</arg>
<arg>${vPassword}</arg>
<kw name="Set Selenium Timeout" library="SeleniumLibrary">
<arg>${TIMEOUT}</arg>
<doc>Sets the timeout that is used by various keywords.</doc>
<status status="PASS" starttime="20221129 11:32:09.976" endtime="20221129 11:32:09.976"/>
</kw>
<kw name="Open Browser" library="SeleniumLibrary">
<arg>${vURL}</arg>
<arg>${vBrowser}</arg>
<doc>Opens a new browser instance to the optional ``url``.</doc>
<msg timestamp="20221129 11:32:09.978" level="INFO">Opening browser 'chrome' to base url 'https://practicetestautomation.com/practice-test-login/'.</msg>
<status status="PASS" starttime="20221129 11:32:09.977" endtime="20221129 11:32:12.295"/>
</kw>
<kw name="Maximize Browser Window" library="SeleniumLibrary">
<doc>Maximizes current browser window.</doc>
<status status="PASS" starttime="20221129 11:32:12.295" endtime="20221129 11:32:12.420"/>
</kw>
<kw name="Input Text" library="SeleniumLibrary">
<arg>${txt_UserName}</arg>
<arg>${vUsername}</arg>
<doc>Types the given ``text`` into the text field identified by ``locator``.</doc>
<msg timestamp="20221129 11:32:12.420" level="INFO">Typing text 'student' into text field 'name=username'.</msg>
<status status="PASS" starttime="20221129 11:32:12.420" endtime="20221129 11:32:12.508"/>
</kw>
<kw name="Input Text" library="SeleniumLibrary">
<arg>${txt_Password}</arg>
<arg>${vPassword}</arg>
<doc>Types the given ``text`` into the text field identified by ``locator``.</doc>
<msg timestamp="20221129 11:32:12.510" level="INFO">Typing text 'Password123' into text field 'name=password'.</msg>
<status status="PASS" starttime="20221129 11:32:12.509" endtime="20221129 11:32:12.636"/>
</kw>
<kw name="Click Button" library="SeleniumLibrary">
<arg>${btn_Login}</arg>
<doc>Clicks the button identified by ``locator``.</doc>
<msg timestamp="20221129 11:32:12.637" level="INFO">Clicking button 'xpath=//*[@id='submit']'.</msg>
<status status="PASS" starttime="20221129 11:32:12.636" endtime="20221129 11:32:19.342"/>
</kw>
<status status="PASS" starttime="20221129 11:32:09.975" endtime="20221129 11:32:19.342"/>
</kw>
<kw name="Verification" library="KeyWords">
<kw name="Get Location" library="SeleniumLibrary">
<var>${URL_Log_In}</var>
<doc>Returns the current browser window URL.</doc>
<msg timestamp="20221129 11:32:19.349" level="INFO">${URL_Log_In} = https://practicetestautomation.com/logged-in-successfully/</msg>
<status status="PASS" starttime="20221129 11:32:19.343" endtime="20221129 11:32:19.349"/>
</kw>
<kw name="Log" library="BuiltIn">
<arg>URL de la page actuel</arg>
<doc>Logs the given message with the given level.</doc>
<msg timestamp="20221129 11:32:19.350" level="INFO">URL de la page actuel</msg>
<status status="PASS" starttime="20221129 11:32:19.349" endtime="20221129 11:32:19.350"/>
</kw>
<kw name="Should Be Equal" library="BuiltIn">
<arg>${URL_Log_In}</arg>
<arg>${URL_Attendue}</arg>
<doc>Fails if the given objects are unequal.</doc>
<status status="PASS" starttime="20221129 11:32:19.350" endtime="20221129 11:32:19.351"/>
</kw>
<kw name="Sleep" library="BuiltIn">
<arg>3</arg>
<doc>Pauses the test executed for the given time.</doc>
<msg timestamp="20221129 11:32:22.357" level="INFO">Slept 3 seconds</msg>
<status status="PASS" starttime="20221129 11:32:19.351" endtime="20221129 11:32:22.357"/>
</kw>
<kw name="Wait Until Element Is Visible" library="SeleniumLibrary">
<arg>${lblTitle}</arg>
<doc>Waits until the element ``locator`` is visible.</doc>
<status status="PASS" starttime="20221129 11:32:22.358" endtime="20221129 11:32:22.411"/>
</kw>
<kw name="Page Should Contain" library="SeleniumLibrary">
<arg>Congratulations student. You successfully logged in!</arg>
<doc>Verifies that current page contains ``text``.</doc>
<msg timestamp="20221129 11:32:22.440" level="INFO">Current page contains text 'Congratulations student. You successfully logged in!'.</msg>
<status status="PASS" starttime="20221129 11:32:22.412" endtime="20221129 11:32:22.440"/>
</kw>
<kw name="Log" library="BuiltIn">
<arg>le message preuve de la page de logIn</arg>
<doc>Logs the given message with the given level.</doc>
<msg timestamp="20221129 11:32:22.441" level="INFO">le message preuve de la page de logIn</msg>
<status status="PASS" starttime="20221129 11:32:22.440" endtime="20221129 11:32:22.441"/>
</kw>
<kw name="Get Text" library="SeleniumLibrary">
<var>${Text_Deconexion}</var>
<arg>${link_Deconnexion}</arg>
<doc>Returns the text value of the element identified by ``locator``.</doc>
<msg timestamp="20221129 11:32:22.460" level="INFO">${Text_Deconexion} = Log out</msg>
<status status="PASS" starttime="20221129 11:32:22.441" endtime="20221129 11:32:22.460"/>
</kw>
<kw name="Log" library="BuiltIn">
<arg>le text de la deconexion de la page</arg>
<doc>Logs the given message with the given level.</doc>
<msg timestamp="20221129 11:32:22.460" level="INFO">le text de la deconexion de la page</msg>
<status status="PASS" starttime="20221129 11:32:22.460" endtime="20221129 11:32:22.460"/>
</kw>
<kw name="Should Be Equal" library="BuiltIn">
<arg>${link_Deconnexion}</arg>
<arg>${link_DeconnexionAttendue}</arg>
<doc>Fails if the given objects are unequal.</doc>
<status status="PASS" starttime="20221129 11:32:22.460" endtime="20221129 11:32:22.461"/>
</kw>
<kw name="Element Should Be Enabled" library="SeleniumLibrary">
<arg>${link_Deconnexion}</arg>
<doc>Verifies that element identified by ``locator`` is enabled.</doc>
<status status="PASS" starttime="20221129 11:32:22.461" endtime="20221129 11:32:22.484"/>
</kw>
<status status="PASS" starttime="20221129 11:32:19.343" endtime="20221129 11:32:22.484"/>
</kw>
<status status="PASS" starttime="20221129 11:32:09.974" endtime="20221129 11:32:22.485"/>
</test>
<test id="s1-t2" name="Test case 2: Negative username test" line="20">
<kw name="LogIn" library="KeyWords">
<arg>${vURL}</arg>
<arg>${vBrowser}</arg>
<arg>${vNegativeUsername}</arg>
<arg>${vPassword}</arg>
<kw name="Set Selenium Timeout" library="SeleniumLibrary">
<arg>${TIMEOUT}</arg>
<doc>Sets the timeout that is used by various keywords.</doc>
<status status="PASS" starttime="20221129 11:32:22.487" endtime="20221129 11:32:22.488"/>
</kw>
<kw name="Open Browser" library="SeleniumLibrary">
<arg>${vURL}</arg>
<arg>${vBrowser}</arg>
<doc>Opens a new browser instance to the optional ``url``.</doc>
<msg timestamp="20221129 11:32:22.489" level="INFO">Opening browser 'chrome' to base url 'https://practicetestautomation.com/practice-test-login/'.</msg>
<status status="PASS" starttime="20221129 11:32:22.489" endtime="20221129 11:32:24.741"/>
</kw>
<kw name="Maximize Browser Window" library="SeleniumLibrary">
<doc>Maximizes current browser window.</doc>
<status status="PASS" starttime="20221129 11:32:24.742" endtime="20221129 11:32:24.865"/>
</kw>
<kw name="Input Text" library="SeleniumLibrary">
<arg>${txt_UserName}</arg>
<arg>${vUsername}</arg>
<doc>Types the given ``text`` into the text field identified by ``locator``.</doc>
<msg timestamp="20221129 11:32:24.866" level="INFO">Typing text 'incorrectUser' into text field 'name=username'.</msg>
<status status="PASS" starttime="20221129 11:32:24.865" endtime="20221129 11:32:24.956"/>
</kw>
<kw name="Input Text" library="SeleniumLibrary">
<arg>${txt_Password}</arg>
<arg>${vPassword}</arg>
<doc>Types the given ``text`` into the text field identified by ``locator``.</doc>
<msg timestamp="20221129 11:32:24.958" level="INFO">Typing text 'Password123' into text field 'name=password'.</msg>
<status status="PASS" starttime="20221129 11:32:24.957" endtime="20221129 11:32:25.058"/>
</kw>
<kw name="Click Button" library="SeleniumLibrary">
<arg>${btn_Login}</arg>
<doc>Clicks the button identified by ``locator``.</doc>
<msg timestamp="20221129 11:32:25.059" level="INFO">Clicking button 'xpath=//*[@id='submit']'.</msg>
<status status="PASS" starttime="20221129 11:32:25.058" endtime="20221129 11:32:25.123"/>
</kw>
<status status="PASS" starttime="20221129 11:32:22.487" endtime="20221129 11:32:25.124"/>
</kw>
<kw name="verification Negative username test" library="KeyWords">
<kw name="Page Should Contain Element" library="SeleniumLibrary">
<arg>${link_ErrorMessage}</arg>
<doc>Verifies that element ``locator`` is found on the current page.</doc>
<msg timestamp="20221129 11:32:25.138" level="INFO">Current page contains element 'xpath=//div[@id='error']'.</msg>
<status status="PASS" starttime="20221129 11:32:25.125" endtime="20221129 11:32:25.139"/>
</kw>
<kw name="Get Text" library="SeleniumLibrary">
<var>${Message_Erreur}</var>
<arg>${link_ErrorMessage}</arg>
<doc>Returns the text value of the element identified by ``locator``.</doc>
<msg timestamp="20221129 11:32:25.160" level="INFO">${Message_Erreur} = Your username is invalid!</msg>
<status status="PASS" starttime="20221129 11:32:25.139" endtime="20221129 11:32:25.160"/>
</kw>
<kw name="Log" library="BuiltIn">
<arg>messaged'erreur:</arg>
<doc>Logs the given message with the given level.</doc>
<msg timestamp="20221129 11:32:25.160" level="INFO">messaged'erreur:</msg>
<status status="PASS" starttime="20221129 11:32:25.160" endtime="20221129 11:32:25.160"/>
</kw>
<kw name="Page Should Contain" library="SeleniumLibrary">
<arg>${Lbl_Text__Error_username}</arg>
<doc>Verifies that current page contains ``text``.</doc>
<msg timestamp="20221129 11:32:25.177" level="INFO">Current page contains text 'Your username is invalid!'.</msg>
<status status="PASS" starttime="20221129 11:32:25.161" endtime="20221129 11:32:25.177"/>
</kw>
<kw name="Log" library="BuiltIn">
<arg>message</arg>
<doc>Logs the given message with the given level.</doc>
<msg timestamp="20221129 11:32:25.177" level="INFO">message</msg>
<status status="PASS" starttime="20221129 11:32:25.177" endtime="20221129 11:32:25.178"/>
</kw>
<status status="PASS" starttime="20221129 11:32:25.124" endtime="20221129 11:32:25.178"/>
</kw>
<status status="PASS" starttime="20221129 11:32:22.486" endtime="20221129 11:32:25.178"/>
</test>
<test id="s1-t3" name="Test case 3: Negative password test" line="23">
<kw name="LogIn" library="KeyWords">
<arg>${vURL}</arg>
<arg>${vBrowser}</arg>
<arg>${vUsername}</arg>
<arg>${vNegativePassword}</arg>
<kw name="Set Selenium Timeout" library="SeleniumLibrary">
<arg>${TIMEOUT}</arg>
<doc>Sets the timeout that is used by various keywords.</doc>
<status status="PASS" starttime="20221129 11:32:25.183" endtime="20221129 11:32:25.188"/>
</kw>
<kw name="Open Browser" library="SeleniumLibrary">
<arg>${vURL}</arg>
<arg>${vBrowser}</arg>
<doc>Opens a new browser instance to the optional ``url``.</doc>
<msg timestamp="20221129 11:32:25.189" level="INFO">Opening browser 'chrome' to base url 'https://practicetestautomation.com/practice-test-login/'.</msg>
<status status="PASS" starttime="20221129 11:32:25.188" endtime="20221129 11:32:27.494"/>
</kw>
<kw name="Maximize Browser Window" library="SeleniumLibrary">
<doc>Maximizes current browser window.</doc>
<status status="PASS" starttime="20221129 11:32:27.494" endtime="20221129 11:32:27.622"/>
</kw>
<kw name="Input Text" library="SeleniumLibrary">
<arg>${txt_UserName}</arg>
<arg>${vUsername}</arg>
<doc>Types the given ``text`` into the text field identified by ``locator``.</doc>
<msg timestamp="20221129 11:32:27.623" level="INFO">Typing text 'student' into text field 'name=username'.</msg>
<status status="PASS" starttime="20221129 11:32:27.622" endtime="20221129 11:32:27.729"/>
</kw>
<kw name="Input Text" library="SeleniumLibrary">
<arg>${txt_Password}</arg>
<arg>${vPassword}</arg>
<doc>Types the given ``text`` into the text field identified by ``locator``.</doc>
<msg timestamp="20221129 11:32:27.731" level="INFO">Typing text 'incorrectPassword' into text field 'name=password'.</msg>
<status status="PASS" starttime="20221129 11:32:27.730" endtime="20221129 11:32:27.857"/>
</kw>
<kw name="Click Button" library="SeleniumLibrary">
<arg>${btn_Login}</arg>
<doc>Clicks the button identified by ``locator``.</doc>
<msg timestamp="20221129 11:32:27.857" level="INFO">Clicking button 'xpath=//*[@id='submit']'.</msg>
<status status="PASS" starttime="20221129 11:32:27.857" endtime="20221129 11:32:27.920"/>
</kw>
<status status="PASS" starttime="20221129 11:32:25.182" endtime="20221129 11:32:27.921"/>
</kw>
<kw name="verificationNegative password test" library="KeyWords">
<kw name="Page Should Contain Element" library="SeleniumLibrary">
<arg>${link_ErrorMessage}</arg>
<doc>Verifies that element ``locator`` is found on the current page.</doc>
<msg timestamp="20221129 11:32:27.934" level="INFO">Current page contains element 'xpath=//div[@id='error']'.</msg>
<status status="PASS" starttime="20221129 11:32:27.921" endtime="20221129 11:32:27.934"/>
</kw>
<kw name="Log" library="BuiltIn">
<arg>message</arg>
<doc>Logs the given message with the given level.</doc>
<msg timestamp="20221129 11:32:27.934" level="INFO">message</msg>
<status status="PASS" starttime="20221129 11:32:27.934" endtime="20221129 11:32:27.935"/>
</kw>
<kw name="Page Should Contain" library="SeleniumLibrary">
<arg>${Lbl_Text__Error_password}</arg>
<doc>Verifies that current page contains ``text``.</doc>
<msg timestamp="20221129 11:32:27.952" level="INFO">Current page contains text 'Your password is invalid!'.</msg>
<status status="PASS" starttime="20221129 11:32:27.935" endtime="20221129 11:32:27.952"/>
</kw>
<kw name="Log" library="BuiltIn">
<arg>message</arg>
<doc>Logs the given message with the given level.</doc>
<msg timestamp="20221129 11:32:27.952" level="INFO">message</msg>
<status status="PASS" starttime="20221129 11:32:27.952" endtime="20221129 11:32:27.953"/>
</kw>
<status status="PASS" starttime="20221129 11:32:27.921" endtime="20221129 11:32:27.953"/>
</kw>
<status status="PASS" starttime="20221129 11:32:25.181" endtime="20221129 11:32:27.953"/>
</test>
<doc>Fichiers de scripts pour le module RQ3 : Sites.</doc>
<status status="PASS" starttime="20221129 11:32:09.627" endtime="20221129 11:32:27.955"/>
</suite>
<statistics>
<total>
<stat pass="3" fail="0" skip="0">All Tests</stat>
</total>
<tag>
</tag>
<suite>
<stat pass="3" fail="0" skip="0" id="s1" name="Test">Test</stat>
</suite>
</statistics>
<errors>
</errors>
</robot>
